2025-12-22 21:42:57,497 - __main__ - INFO - 🚀 Запуск продвинутого арбитражного монитора
2025-12-22 21:42:57,498 - __main__ - INFO - 📊 Типы арбитража: cross_exchange
2025-12-22 21:42:57,498 - __main__ - INFO - ⚙️ Параметры: прибыль≥1.0%, уверенность≥0.8, интервал=60с
2025-12-22 21:42:57,498 - __main__ - INFO - 🧪 ТЕСТОВЫЙ РЕЖИМ
2025-12-22 21:42:57,498 - enhanced_arbitrage_monitor - INFO - Инициализирован монитор с 10 биржами
2025-12-22 21:42:57,499 - advanced_arbitrage_monitor - INFO - Инициализирован продвинутый монитор с 10 биржами
2025-12-22 21:42:57,500 - __main__ - INFO - 🎯 Инициализирован объединенный монитор
2025-12-22 21:42:57,501 - __main__ - INFO - 📊 Активные типы арбитража: cross_exchange
2025-12-22 21:42:57,501 - __main__ - INFO - ⚙️ Настройки: мин. прибыль 1.0%, мин. уверенность 0.8
2025-12-22 21:42:57,501 - __main__ - INFO - 🚀 Запуск объединенного мониторинга всех видов арбитража...
2025-12-22 21:42:58,304 - enhanced_arbitrage_monitor - INFO - OKX: получено 361 торговых пар
2025-12-22 21:42:58,456 - enhanced_arbitrage_monitor - INFO - Bitget: получено 0 торговых пар
2025-12-22 21:42:58,567 - enhanced_arbitrage_monitor - INFO - KuCoin: получено 807 торговых пар
2025-12-22 21:42:59,375 - enhanced_arbitrage_monitor - INFO - Huobi: получено 413 торговых пар
2025-12-22 21:42:59,576 - enhanced_arbitrage_monitor - INFO - MEXC: получено 2128 торговых пар
2025-12-22 21:43:00,367 - enhanced_arbitrage_monitor - INFO - Bybit: получено 539 торговых пар
2025-12-22 21:43:00,664 - enhanced_arbitrage_monitor - INFO - Binance: получено 1966 торговых пар
2025-12-22 21:43:22,138 - enhanced_arbitrage_monitor - INFO - Gate.io: получено 2395 торговых пар
2025-12-22 21:43:22,139 - enhanced_arbitrage_monitor - WARNING - Не удалось получить данные с bitget
2025-12-22 21:43:22,142 - enhanced_arbitrage_monitor - INFO - Всего получено 8609 торговых пар с 7 бирж
2025-12-22 21:43:34,562 - __main__ - INFO - 📊 Цикл #1 за 37.1с | Биржи: 7 | Пары: 8,609 | Возможности: 36
2025-12-22 21:43:34,563 - __main__ - INFO -    По типам: cross_exchange: 36
