2025-12-22 21:41:08,203 - __main__ - INFO - 🚀 Запуск расширенного арбитражного монитора
2025-12-22 21:41:08,203 - __main__ - INFO - ⚙️ Параметры: прибыль≥0.5%, уверенность≥0.7, интервал=30с, уведомления≤3
2025-12-22 21:41:08,204 - __main__ - INFO - 🧪 ТЕСТОВЫЙ РЕЖИМ - уведомления отключены
2025-12-22 21:41:08,204 - enhanced_arbitrage_monitor - INFO - Инициализирован монитор с 10 биржами
2025-12-22 21:41:08,204 - __main__ - INFO - 🎯 Настройки: мин. прибыль 0.5%, мин. уверенность 0.7
2025-12-22 21:41:08,205 - __main__ - INFO - 🚀 Запуск продакшн мониторинга арбитражных возможностей...
2025-12-22 21:41:09,088 - enhanced_arbitrage_monitor - INFO - Bitget: получено 0 торговых пар
2025-12-22 21:41:09,205 - enhanced_arbitrage_monitor - INFO - KuCoin: получено 806 торговых пар
2025-12-22 21:41:09,556 - enhanced_arbitrage_monitor - INFO - OKX: получено 361 торговых пар
2025-12-22 21:41:10,558 - enhanced_arbitrage_monitor - INFO - Huobi: получено 413 торговых пар
2025-12-22 21:41:10,810 - enhanced_arbitrage_monitor - INFO - MEXC: получено 2128 торговых пар
2025-12-22 21:41:11,143 - enhanced_arbitrage_monitor - INFO - Binance: получено 1966 торговых пар
2025-12-22 21:41:11,344 - enhanced_arbitrage_monitor - INFO - Bybit: получено 539 торговых пар
2025-12-22 21:41:15,565 - enhanced_arbitrage_monitor - INFO - Gate.io: получено 2395 торговых пар
2025-12-22 21:41:15,566 - enhanced_arbitrage_monitor - WARNING - Не удалось получить данные с bitget
2025-12-22 21:41:15,570 - enhanced_arbitrage_monitor - INFO - Всего получено 8608 торговых пар с 7 бирж
2025-12-22 21:41:15,577 - __main__ - INFO - 📊 Цикл #1 за 7.4с | Биржи: 7 | Пары: 8,608 | Возможности: 267 | Качественные: 50
2025-12-22 21:41:46,790 - enhanced_arbitrage_monitor - INFO - Huobi: получено 413 торговых пар
2025-12-22 21:41:47,038 - enhanced_arbitrage_monitor - INFO - Bybit: получено 539 торговых пар
2025-12-22 21:41:47,104 - enhanced_arbitrage_monitor - INFO - Bitget: получено 0 торговых пар
2025-12-22 21:41:47,432 - enhanced_arbitrage_monitor - INFO - OKX: получено 361 торговых пар
2025-12-22 21:41:47,596 - enhanced_arbitrage_monitor - INFO - KuCoin: получено 806 торговых пар
2025-12-22 21:41:47,684 - enhanced_arbitrage_monitor - INFO - MEXC: получено 2128 торговых пар
2025-12-22 21:41:48,032 - enhanced_arbitrage_monitor - INFO - Binance: получено 1966 торговых пар
2025-12-22 21:41:49,806 - enhanced_arbitrage_monitor - INFO - Gate.io: получено 2395 торговых пар
2025-12-22 21:41:49,808 - enhanced_arbitrage_monitor - WARNING - Не удалось получить данные с bitget
2025-12-22 21:41:49,815 - enhanced_arbitrage_monitor - INFO - Всего получено 8608 торговых пар с 7 бирж
2025-12-22 21:41:49,822 - __main__ - INFO - 📊 Цикл #2 за 4.2с | Биржи: 7 | Пары: 8,608 | Возможности: 278 | Качественные: 56
2025-12-22 21:44:24,876 - __main__ - INFO - 🚀 Запуск расширенного арбитражного монитора
2025-12-22 21:44:24,877 - __main__ - INFO - ⚙️ Параметры: прибыль≥0.3%, уверенность≥0.5, интервал=30с, уведомления≤5
2025-12-22 21:44:24,877 - enhanced_arbitrage_monitor - INFO - Инициализирован монитор с 10 биржами
2025-12-22 21:44:24,877 - __main__ - INFO - 🎯 Настройки: мин. прибыль 0.3%, мин. уверенность 0.5
2025-12-22 21:44:24,877 - __main__ - INFO - 🚀 Запуск продакшн мониторинга арбитражных возможностей...
2025-12-22 21:44:25,746 - enhanced_arbitrage_monitor - INFO - OKX: получено 361 торговых пар
2025-12-22 21:44:26,302 - enhanced_arbitrage_monitor - INFO - Bitget: получено 0 торговых пар
2025-12-22 21:44:26,463 - enhanced_arbitrage_monitor - INFO - KuCoin: получено 808 торговых пар
2025-12-22 21:44:26,888 - enhanced_arbitrage_monitor - INFO - Bybit: получено 539 торговых пар
2025-12-22 21:44:27,004 - enhanced_arbitrage_monitor - INFO - MEXC: получено 2128 торговых пар
2025-12-22 21:44:27,117 - enhanced_arbitrage_monitor - INFO - Huobi: получено 412 торговых пар
2025-12-22 21:44:28,709 - enhanced_arbitrage_monitor - INFO - Binance: получено 1966 торговых пар
2025-12-22 21:44:41,115 - enhanced_arbitrage_monitor - INFO - Gate.io: получено 2395 торговых пар
2025-12-22 21:44:41,116 - enhanced_arbitrage_monitor - WARNING - Не удалось получить данные с bitget
2025-12-22 21:44:41,121 - enhanced_arbitrage_monitor - INFO - Всего получено 8609 торговых пар с 7 бирж
2025-12-22 21:44:41,131 - __main__ - INFO - 📊 Цикл #1 за 16.3с | Биржи: 7 | Пары: 8,609 | Возможности: 377 | Качественные: 134
2025-12-22 21:44:41,131 - __main__ - INFO - 🎯 Отправляем 5 лучших возможностей:
2025-12-22 21:44:41,131 - __main__ - INFO - 🚨 🟢 ВОЗМОЖНОСТЬ: 121523.06% (уверенность: 0.79)
2025-12-22 21:44:41,134 - __main__ - INFO -   1. cross_exchange: 121523.06% (уверенность: 79.5%)
2025-12-22 21:44:43,137 - __main__ - INFO - 🚨 🟢 ВОЗМОЖНОСТЬ: 51631.84% (уверенность: 0.85)
2025-12-22 21:44:43,140 - __main__ - INFO -   2. cross_exchange: 51631.84% (уверенность: 85.1%)
2025-12-22 21:44:45,150 - __main__ - INFO - 🚨 🟡 ВОЗМОЖНОСТЬ: 4546.47% (уверенность: 0.57)
2025-12-22 21:44:45,153 - __main__ - INFO -   3. cross_exchange: 4546.47% (уверенность: 57.3%)
2025-12-22 21:44:47,168 - __main__ - INFO - 🚨 🟢 ВОЗМОЖНОСТЬ: 3368.58% (уверенность: 0.76)
2025-12-22 21:44:47,170 - __main__ - INFO -   4. cross_exchange: 3368.58% (уверенность: 75.6%)
2025-12-22 21:44:49,185 - __main__ - INFO - 🚨 🟢 ВОЗМОЖНОСТЬ: 2228.37% (уверенность: 1.00)
2025-12-22 21:44:49,186 - __main__ - INFO -   5. cross_exchange: 2228.37% (уверенность: 99.8%)
2025-12-22 21:45:21,326 - enhanced_arbitrage_monitor - INFO - Bybit: получено 539 торговых пар
2025-12-22 21:45:23,278 - enhanced_arbitrage_monitor - INFO - MEXC: получено 2128 торговых пар
2025-12-22 21:45:25,894 - enhanced_arbitrage_monitor - INFO - Binance: получено 1966 торговых пар
2025-12-22 21:45:27,150 - enhanced_arbitrage_monitor - INFO - Bitget: получено 0 торговых пар
2025-12-22 21:45:27,302 - enhanced_arbitrage_monitor - INFO - Gate.io: получено 2394 торговых пар
2025-12-22 21:45:28,707 - enhanced_arbitrage_monitor - INFO - KuCoin: получено 808 торговых пар
2025-12-22 21:45:32,710 - enhanced_arbitrage_monitor - INFO - OKX: получено 360 торговых пар
2025-12-22 21:45:33,607 - enhanced_arbitrage_monitor - INFO - Huobi: получено 413 торговых пар
2025-12-22 21:45:33,608 - enhanced_arbitrage_monitor - WARNING - Не удалось получить данные с bitget
2025-12-22 21:45:33,613 - enhanced_arbitrage_monitor - INFO - Всего получено 8608 торговых пар с 7 бирж
2025-12-22 21:45:33,620 - __main__ - INFO - 📊 Цикл #2 за 14.4с | Биржи: 7 | Пары: 8,608 | Возможности: 371 | Качественные: 140
2025-12-22 21:45:33,620 - __main__ - INFO - 🎯 Отправляем 5 лучших возможностей:
2025-12-22 21:45:33,621 - __main__ - INFO - 🚨 🟢 ВОЗМОЖНОСТЬ: 121488.42% (уверенность: 0.79)
2025-12-22 21:45:33,622 - __main__ - INFO -   1. cross_exchange: 121488.42% (уверенность: 79.5%)
2025-12-22 21:45:35,635 - __main__ - INFO - 🚨 🟢 ВОЗМОЖНОСТЬ: 51631.84% (уверенность: 0.85)
2025-12-22 21:45:35,636 - __main__ - INFO -   2. cross_exchange: 51631.84% (уверенность: 85.1%)
2025-12-22 21:45:37,639 - __main__ - INFO - 🚨 🟡 ВОЗМОЖНОСТЬ: 16227.82% (уверенность: 0.68)
2025-12-22 21:45:37,640 - __main__ - INFO -   3. cross_exchange: 16227.82% (уверенность: 68.5%)
2025-12-22 21:45:39,643 - __main__ - INFO - 🚨 🟡 ВОЗМОЖНОСТЬ: 4549.12% (уверенность: 0.57)
2025-12-22 21:45:39,644 - __main__ - INFO -   4. cross_exchange: 4549.12% (уверенность: 57.3%)
2025-12-22 21:45:41,659 - __main__ - INFO - 🚨 🟢 ВОЗМОЖНОСТЬ: 3359.24% (уверенность: 0.76)
2025-12-22 21:45:41,662 - __main__ - INFO -   5. cross_exchange: 3359.24% (уверенность: 75.7%)
2025-12-22 21:46:12,179 - enhanced_arbitrage_monitor - INFO - OKX: получено 360 торговых пар
2025-12-22 21:46:12,257 - enhanced_arbitrage_monitor - INFO - MEXC: получено 2128 торговых пар
2025-12-22 21:46:12,361 - enhanced_arbitrage_monitor - INFO - KuCoin: получено 808 торговых пар
2025-12-22 21:46:12,363 - enhanced_arbitrage_monitor - INFO - Bitget: получено 0 торговых пар
2025-12-22 21:46:12,461 - enhanced_arbitrage_monitor - INFO - Bybit: получено 539 торговых пар
2025-12-22 21:46:12,529 - enhanced_arbitrage_monitor - INFO - Huobi: получено 412 торговых пар
2025-12-22 21:46:13,836 - enhanced_arbitrage_monitor - INFO - Binance: получено 1966 торговых пар
2025-12-22 21:46:14,007 - enhanced_arbitrage_monitor - INFO - Gate.io: получено 2395 торговых пар
2025-12-22 21:46:14,008 - enhanced_arbitrage_monitor - WARNING - Не удалось получить данные с bitget
2025-12-22 21:46:14,012 - enhanced_arbitrage_monitor - INFO - Всего получено 8608 торговых пар с 7 бирж
2025-12-22 21:46:14,018 - __main__ - INFO - 📊 Цикл #3 за 2.3с | Биржи: 7 | Пары: 8,608 | Возможности: 367 | Качественные: 127
2025-12-22 21:46:14,019 - __main__ - INFO - 🎯 Отправляем 5 лучших возможностей:
2025-12-22 21:46:14,019 - __main__ - INFO - 🚨 🟢 ВОЗМОЖНОСТЬ: 121488.42% (уверенность: 0.79)
2025-12-22 21:46:14,020 - __main__ - INFO -   1. cross_exchange: 121488.42% (уверенность: 79.5%)
2025-12-22 21:46:16,036 - __main__ - INFO - 🚨 🟢 ВОЗМОЖНОСТЬ: 51631.84% (уверенность: 0.85)
2025-12-22 21:46:16,038 - __main__ - INFO -   2. cross_exchange: 51631.84% (уверенность: 85.1%)
2025-12-22 21:46:18,051 - __main__ - INFO - 🚨 🟡 ВОЗМОЖНОСТЬ: 16196.58% (уверенность: 0.68)
2025-12-22 21:46:18,053 - __main__ - INFO -   3. cross_exchange: 16196.58% (уверенность: 68.5%)
2025-12-22 21:46:20,063 - __main__ - INFO - 🚨 🟡 ВОЗМОЖНОСТЬ: 4549.12% (уверенность: 0.57)
2025-12-22 21:46:20,067 - __main__ - INFO -   4. cross_exchange: 4549.12% (уверенность: 57.4%)
2025-12-22 21:46:22,078 - __main__ - INFO - 🚨 🟢 ВОЗМОЖНОСТЬ: 3367.91% (уверенность: 0.76)
2025-12-22 21:46:22,082 - __main__ - INFO -   5. cross_exchange: 3367.91% (уверенность: 76.0%)
2025-12-22 21:46:52,441 - enhanced_arbitrage_monitor - INFO - Huobi: получено 412 торговых пар
2025-12-22 21:46:52,580 - enhanced_arbitrage_monitor - INFO - OKX: получено 360 торговых пар
2025-12-22 21:46:52,593 - enhanced_arbitrage_monitor - INFO - Bitget: получено 0 торговых пар
2025-12-22 21:46:52,708 - enhanced_arbitrage_monitor - INFO - KuCoin: получено 808 торговых пар
2025-12-22 21:46:52,714 - enhanced_arbitrage_monitor - INFO - Bybit: получено 539 торговых пар
2025-12-22 21:46:53,221 - enhanced_arbitrage_monitor - INFO - Binance: получено 1965 торговых пар
2025-12-22 21:46:53,756 - enhanced_arbitrage_monitor - INFO - MEXC: получено 2128 торговых пар
2025-12-22 21:46:54,417 - enhanced_arbitrage_monitor - INFO - Gate.io: получено 2396 торговых пар
2025-12-22 21:46:54,418 - enhanced_arbitrage_monitor - WARNING - Не удалось получить данные с bitget
2025-12-22 21:46:54,423 - enhanced_arbitrage_monitor - INFO - Всего получено 8608 торговых пар с 7 бирж
2025-12-22 21:46:54,428 - __main__ - INFO - 📊 Цикл #4 за 2.3с | Биржи: 7 | Пары: 8,608 | Возможности: 378 | Качественные: 129
2025-12-22 21:46:54,429 - __main__ - INFO - 🎯 Отправляем 5 лучших возможностей:
2025-12-22 21:46:54,429 - __main__ - INFO - 🚨 🟢 ВОЗМОЖНОСТЬ: 121317.67% (уверенность: 0.79)
2025-12-22 21:46:54,430 - __main__ - INFO -   1. cross_exchange: 121317.67% (уверенность: 79.5%)
2025-12-22 21:46:56,431 - __main__ - INFO - 🚨 🟢 ВОЗМОЖНОСТЬ: 51595.60% (уверенность: 0.85)
2025-12-22 21:46:56,433 - __main__ - INFO -   2. cross_exchange: 51595.60% (уверенность: 85.1%)
2025-12-22 21:46:58,445 - __main__ - INFO - 🚨 🟡 ВОЗМОЖНОСТЬ: 16196.58% (уверенность: 0.68)
2025-12-22 21:46:58,448 - __main__ - INFO -   3. cross_exchange: 16196.58% (уверенность: 68.5%)
2025-12-22 21:47:00,457 - __main__ - INFO - 🚨 🟡 ВОЗМОЖНОСТЬ: 4550.00% (уверенность: 0.57)
2025-12-22 21:47:00,460 - __main__ - INFO -   4. cross_exchange: 4550.00% (уверенность: 57.3%)
2025-12-22 21:47:02,462 - __main__ - INFO - 🚨 🟢 ВОЗМОЖНОСТЬ: 3367.24% (уверенность: 0.76)
2025-12-22 21:47:02,463 - __main__ - INFO -   5. cross_exchange: 3367.24% (уверенность: 76.2%)
2025-12-22 21:47:33,253 - enhanced_arbitrage_monitor - INFO - Huobi: получено 412 торговых пар
2025-12-22 21:47:33,316 - enhanced_arbitrage_monitor - INFO - OKX: получено 360 торговых пар
2025-12-22 21:47:33,380 - enhanced_arbitrage_monitor - INFO - Bitget: получено 0 торговых пар
2025-12-22 21:47:33,530 - enhanced_arbitrage_monitor - INFO - KuCoin: получено 808 торговых пар
2025-12-22 21:47:33,572 - enhanced_arbitrage_monitor - INFO - Bybit: получено 539 торговых пар
2025-12-22 21:47:34,561 - enhanced_arbitrage_monitor - INFO - Binance: получено 1965 торговых пар
2025-12-22 21:47:35,819 - enhanced_arbitrage_monitor - INFO - MEXC: получено 2128 торговых пар
2025-12-22 21:47:36,891 - enhanced_arbitrage_monitor - INFO - Gate.io: получено 2396 торговых пар
2025-12-22 21:47:36,893 - enhanced_arbitrage_monitor - WARNING - Не удалось получить данные с bitget
2025-12-22 21:47:36,897 - enhanced_arbitrage_monitor - INFO - Всего получено 8608 торговых пар с 7 бирж
2025-12-22 21:47:36,904 - __main__ - INFO - 📊 Цикл #5 за 4.4с | Биржи: 7 | Пары: 8,608 | Возможности: 374 | Качественные: 127
2025-12-22 21:47:36,904 - __main__ - INFO - 🎯 Отправляем 5 лучших возможностей:
2025-12-22 21:47:36,904 - __main__ - INFO - 🚨 🟢 ВОЗМОЖНОСТЬ: 121372.11% (уверенность: 0.79)
2025-12-22 21:47:36,905 - __main__ - INFO -   1. cross_exchange: 121372.11% (уверенность: 79.5%)
2025-12-22 21:47:38,907 - __main__ - INFO - 🚨 🟢 ВОЗМОЖНОСТЬ: 51624.59% (уверенность: 0.85)
2025-12-22 21:47:38,910 - __main__ - INFO -   2. cross_exchange: 51624.59% (уверенность: 85.1%)
2025-12-22 21:47:40,920 - __main__ - INFO - 🚨 🟡 ВОЗМОЖНОСТЬ: 4548.24% (уверенность: 0.57)
2025-12-22 21:47:40,922 - __main__ - INFO -   3. cross_exchange: 4548.24% (уверенность: 57.3%)
2025-12-22 21:47:42,929 - __main__ - INFO - 🚨 🟢 ВОЗМОЖНОСТЬ: 3367.24% (уверенность: 0.76)
2025-12-22 21:47:42,931 - __main__ - INFO -   4. cross_exchange: 3367.24% (уверенность: 76.4%)
2025-12-22 21:47:44,932 - __main__ - INFO - 🚨 🟢 ВОЗМОЖНОСТЬ: 2228.37% (уверенность: 1.00)
2025-12-22 21:47:44,934 - __main__ - INFO -   5. cross_exchange: 2228.37% (уверенность: 99.8%)
2025-12-22 21:48:16,460 - enhanced_arbitrage_monitor - INFO - Huobi: получено 412 торговых пар
2025-12-22 21:48:16,693 - enhanced_arbitrage_monitor - INFO - Bybit: получено 539 торговых пар
2025-12-22 21:48:16,889 - enhanced_arbitrage_monitor - INFO - OKX: получено 360 торговых пар
2025-12-22 21:48:17,024 - enhanced_arbitrage_monitor - INFO - KuCoin: получено 808 торговых пар
2025-12-22 21:48:17,210 - enhanced_arbitrage_monitor - INFO - Bitget: получено 0 торговых пар
2025-12-22 21:48:18,401 - enhanced_arbitrage_monitor - INFO - Binance: получено 1965 торговых пар
2025-12-22 21:48:18,661 - enhanced_arbitrage_monitor - INFO - Gate.io: получено 2396 торговых пар
2025-12-22 21:48:19,548 - enhanced_arbitrage_monitor - INFO - MEXC: получено 2128 торговых пар
2025-12-22 21:48:19,549 - enhanced_arbitrage_monitor - WARNING - Не удалось получить данные с bitget
2025-12-22 21:48:19,554 - enhanced_arbitrage_monitor - INFO - Всего получено 8608 торговых пар с 7 бирж
2025-12-22 21:48:19,567 - __main__ - INFO - 📊 Цикл #6 за 4.6с | Биржи: 7 | Пары: 8,608 | Возможности: 374 | Качественные: 134
2025-12-22 21:48:19,568 - __main__ - INFO - 🎯 Отправляем 5 лучших возможностей:
2025-12-22 21:48:19,568 - __main__ - INFO - 🚨 🟢 ВОЗМОЖНОСТЬ: 121372.11% (уверенность: 0.79)
2025-12-22 21:48:19,569 - __main__ - INFO -   1. cross_exchange: 121372.11% (уверенность: 79.5%)
2025-12-22 21:48:21,577 - __main__ - INFO - 🚨 🟢 ВОЗМОЖНОСТЬ: 51566.61% (уверенность: 0.85)
2025-12-22 21:48:21,580 - __main__ - INFO -   2. cross_exchange: 51566.61% (уверенность: 85.1%)
2025-12-22 21:48:23,592 - __main__ - INFO - 🚨 🟡 ВОЗМОЖНОСТЬ: 4550.89% (уверенность: 0.57)
2025-12-22 21:48:23,593 - __main__ - INFO -   3. cross_exchange: 4550.89% (уверенность: 57.3%)
2025-12-22 21:48:25,605 - __main__ - INFO - 🚨 🟢 ВОЗМОЖНОСТЬ: 3363.24% (уверенность: 0.77)
2025-12-22 21:48:25,609 - __main__ - INFO -   4. cross_exchange: 3363.24% (уверенность: 76.6%)
2025-12-22 21:48:27,627 - __main__ - INFO - 🚨 🟢 ВОЗМОЖНОСТЬ: 2228.37% (уверенность: 1.00)
2025-12-22 21:48:27,629 - __main__ - INFO -   5. cross_exchange: 2228.37% (уверенность: 99.8%)
2025-12-22 21:48:57,934 - enhanced_arbitrage_monitor - INFO - Huobi: получено 412 торговых пар
2025-12-22 21:48:58,104 - enhanced_arbitrage_monitor - INFO - OKX: получено 360 торговых пар
2025-12-22 21:48:58,214 - enhanced_arbitrage_monitor - INFO - Bitget: получено 0 торговых пар
2025-12-22 21:48:58,235 - enhanced_arbitrage_monitor - INFO - MEXC: получено 2128 торговых пар
2025-12-22 21:48:58,337 - enhanced_arbitrage_monitor - INFO - KuCoin: получено 808 торговых пар
2025-12-22 21:48:58,344 - enhanced_arbitrage_monitor - INFO - Bybit: получено 539 торговых пар
2025-12-22 21:48:59,214 - enhanced_arbitrage_monitor - INFO - Binance: получено 1965 торговых пар
2025-12-22 21:48:59,978 - enhanced_arbitrage_monitor - INFO - Gate.io: получено 2396 торговых пар
2025-12-22 21:48:59,979 - enhanced_arbitrage_monitor - WARNING - Не удалось получить данные с bitget
2025-12-22 21:48:59,986 - enhanced_arbitrage_monitor - INFO - Всего получено 8608 торговых пар с 7 бирж
2025-12-22 21:48:59,994 - __main__ - INFO - 📊 Цикл #7 за 2.4с | Биржи: 7 | Пары: 8,608 | Возможности: 382 | Качественные: 133
2025-12-22 21:48:59,994 - __main__ - INFO - 🎯 Отправляем 5 лучших возможностей:
2025-12-22 21:48:59,995 - __main__ - INFO - 🚨 🟢 ВОЗМОЖНОСТЬ: 121372.11% (уверенность: 0.79)
2025-12-22 21:48:59,996 - __main__ - INFO -   1. cross_exchange: 121372.11% (уверенность: 79.5%)
2025-12-22 21:49:02,001 - __main__ - INFO - 🚨 🟢 ВОЗМОЖНОСТЬ: 51566.61% (уверенность: 0.85)
2025-12-22 21:49:02,003 - __main__ - INFO -   2. cross_exchange: 51566.61% (уверенность: 85.1%)
2025-12-22 21:49:04,017 - __main__ - INFO - 🚨 🟡 ВОЗМОЖНОСТЬ: 4547.35% (уверенность: 0.57)
2025-12-22 21:49:04,019 - __main__ - INFO -   3. cross_exchange: 4547.35% (уверенность: 57.3%)
2025-12-22 21:49:06,025 - __main__ - INFO - 🚨 🟢 ВОЗМОЖНОСТЬ: 3357.91% (уверенность: 0.77)
2025-12-22 21:49:06,027 - __main__ - INFO -   4. cross_exchange: 3357.91% (уверенность: 76.9%)
2025-12-22 21:49:08,039 - __main__ - INFO - 🚨 🟢 ВОЗМОЖНОСТЬ: 2228.37% (уверенность: 1.00)
2025-12-22 21:49:08,040 - __main__ - INFO -   5. cross_exchange: 2228.37% (уверенность: 99.8%)
2025-12-22 21:49:38,425 - enhanced_arbitrage_monitor - INFO - Huobi: получено 412 торговых пар
2025-12-22 21:49:38,536 - enhanced_arbitrage_monitor - INFO - OKX: получено 360 торговых пар
2025-12-22 21:49:38,592 - enhanced_arbitrage_monitor - INFO - Bitget: получено 0 торговых пар
2025-12-22 21:49:38,635 - enhanced_arbitrage_monitor - INFO - KuCoin: получено 808 торговых пар
2025-12-22 21:49:38,659 - enhanced_arbitrage_monitor - INFO - Bybit: получено 539 торговых пар
2025-12-22 21:49:39,281 - enhanced_arbitrage_monitor - INFO - Binance: получено 1965 торговых пар
2025-12-22 21:49:39,524 - enhanced_arbitrage_monitor - INFO - MEXC: получено 2128 торговых пар
2025-12-22 21:49:40,249 - enhanced_arbitrage_monitor - INFO - Gate.io: получено 2396 торговых пар
2025-12-22 21:49:40,251 - enhanced_arbitrage_monitor - WARNING - Не удалось получить данные с bitget
2025-12-22 21:49:40,256 - enhanced_arbitrage_monitor - INFO - Всего получено 8608 торговых пар с 7 бирж
2025-12-22 21:49:40,263 - __main__ - INFO - 📊 Цикл #8 за 2.2с | Биржи: 7 | Пары: 8,608 | Возможности: 386 | Качественные: 144
2025-12-22 21:49:40,263 - __main__ - INFO - 🎯 Отправляем 5 лучших возможностей:
2025-12-22 21:49:40,264 - __main__ - INFO - 🚨 🟢 ВОЗМОЖНОСТЬ: 121716.08% (уверенность: 0.79)
2025-12-22 21:49:40,265 - __main__ - INFO -   1. cross_exchange: 121716.08% (уверенность: 79.5%)
2025-12-22 21:49:42,270 - __main__ - INFO - 🚨 🟢 ВОЗМОЖНОСТЬ: 51704.31% (уверенность: 0.85)
2025-12-22 21:49:42,272 - __main__ - INFO -   2. cross_exchange: 51704.31% (уверенность: 85.1%)
2025-12-22 21:49:44,283 - __main__ - INFO - 🚨 🟡 ВОЗМОЖНОСТЬ: 15708.86% (уверенность: 0.68)
2025-12-22 21:49:44,284 - __main__ - INFO -   3. cross_exchange: 15708.86% (уверенность: 68.4%)
2025-12-22 21:49:46,290 - __main__ - INFO - 🚨 🟡 ВОЗМОЖНОСТЬ: 4548.24% (уверенность: 0.57)
2025-12-22 21:49:46,292 - __main__ - INFO -   4. cross_exchange: 4548.24% (уверенность: 57.3%)
2025-12-22 21:49:48,302 - __main__ - INFO - 🚨 🟢 ВОЗМОЖНОСТЬ: 3353.93% (уверенность: 0.77)
2025-12-22 21:49:48,303 - __main__ - INFO -   5. cross_exchange: 3353.93% (уверенность: 77.0%)
2025-12-22 21:50:20,654 - enhanced_arbitrage_monitor - INFO - Bitget: получено 0 торговых пар
2025-12-22 21:50:22,100 - enhanced_arbitrage_monitor - INFO - Huobi: получено 412 торговых пар
2025-12-22 21:50:22,121 - enhanced_arbitrage_monitor - INFO - KuCoin: получено 807 торговых пар
2025-12-22 21:50:22,891 - enhanced_arbitrage_monitor - INFO - OKX: получено 360 торговых пар
2025-12-22 21:50:23,721 - enhanced_arbitrage_monitor - ERROR - Ошибка получения данных с Gate.io: Cannot connect to host api.gateio.ws:443 ssl:default [getaddrinfo failed]
2025-12-22 21:50:23,722 - enhanced_arbitrage_monitor - ERROR - Ошибка получения данных с Bybit: Cannot connect to host api.bybit.com:443 ssl:default [getaddrinfo failed]
2025-12-22 21:50:23,723 - enhanced_arbitrage_monitor - ERROR - Ошибка получения данных с MEXC: Cannot connect to host api.mexc.com:443 ssl:default [getaddrinfo failed]
2025-12-22 21:50:23,867 - enhanced_arbitrage_monitor - INFO - Binance: получено 1965 торговых пар
2025-12-22 21:50:23,870 - enhanced_arbitrage_monitor - WARNING - Не удалось получить данные с bybit
2025-12-22 21:50:23,871 - enhanced_arbitrage_monitor - WARNING - Не удалось получить данные с gate
2025-12-22 21:50:23,871 - enhanced_arbitrage_monitor - WARNING - Не удалось получить данные с mexc
2025-12-22 21:50:23,872 - enhanced_arbitrage_monitor - WARNING - Не удалось получить данные с bitget
2025-12-22 21:50:23,876 - enhanced_arbitrage_monitor - INFO - Всего получено 3544 торговых пар с 4 бирж
2025-12-22 21:50:23,881 - __main__ - INFO - 📊 Цикл #9 за 5.6с | Биржи: 4 | Пары: 3,544 | Возможности: 99 | Качественные: 43
2025-12-22 21:50:23,882 - __main__ - INFO - 🎯 Отправляем 5 лучших возможностей:
2025-12-22 21:50:23,882 - __main__ - INFO - 🚨 🟢 ВОЗМОЖНОСТЬ: 35183.65% (уверенность: 1.00)
2025-12-22 21:50:23,883 - __main__ - INFO -   1. cross_exchange: 35183.65% (уверенность: 100.0%)
2025-12-22 21:50:25,889 - __main__ - INFO - 🚨 🟢 ВОЗМОЖНОСТЬ: 288.23% (уверенность: 1.00)
2025-12-22 21:50:25,891 - __main__ - INFO -   2. cross_exchange: 288.23% (уверенность: 100.0%)
2025-12-22 21:50:27,896 - __main__ - INFO - 🚨 🟢 ВОЗМОЖНОСТЬ: 262.07% (уверенность: 1.00)
2025-12-22 21:50:27,897 - __main__ - INFO -   3. cross_exchange: 262.07% (уверенность: 100.0%)
2025-12-22 21:50:29,905 - __main__ - INFO - 🚨 🟢 ВОЗМОЖНОСТЬ: 255.65% (уверенность: 1.00)
2025-12-22 21:50:29,907 - __main__ - INFO -   4. cross_exchange: 255.65% (уверенность: 100.0%)
2025-12-22 21:50:31,908 - __main__ - INFO - 🚨 🟢 ВОЗМОЖНОСТЬ: 189.37% (уверенность: 1.00)
2025-12-22 21:50:31,909 - __main__ - INFO -   5. cross_exchange: 189.37% (уверенность: 100.0%)
2025-12-22 21:51:03,678 - enhanced_arbitrage_monitor - INFO - Bybit: получено 539 торговых пар
2025-12-22 21:51:04,346 - enhanced_arbitrage_monitor - INFO - KuCoin: получено 807 торговых пар
2025-12-22 21:51:04,355 - enhanced_arbitrage_monitor - INFO - OKX: получено 360 торговых пар
2025-12-22 21:51:06,921 - enhanced_arbitrage_monitor - INFO - Bitget: получено 0 торговых пар
2025-12-22 21:51:07,109 - enhanced_arbitrage_monitor - INFO - Huobi: получено 412 торговых пар
2025-12-22 21:51:07,633 - enhanced_arbitrage_monitor - INFO - Binance: получено 1965 торговых пар
2025-12-22 21:51:08,227 - enhanced_arbitrage_monitor - INFO - Gate.io: получено 2396 торговых пар
2025-12-22 21:51:09,800 - enhanced_arbitrage_monitor - INFO - MEXC: получено 2128 торговых пар
2025-12-22 21:51:09,802 - enhanced_arbitrage_monitor - WARNING - Не удалось получить данные с bitget
2025-12-22 21:51:09,809 - enhanced_arbitrage_monitor - INFO - Всего получено 8607 торговых пар с 7 бирж
2025-12-22 21:51:09,816 - __main__ - INFO - 📊 Цикл #10 за 7.9с | Биржи: 7 | Пары: 8,607 | Возможности: 365 | Качественные: 127
2025-12-22 21:51:09,817 - __main__ - INFO - 🎯 Отправляем 5 лучших возможностей:
2025-12-22 21:51:09,817 - __main__ - INFO - 🚨 🟢 ВОЗМОЖНОСТЬ: 121716.08% (уверенность: 0.79)
2025-12-22 21:51:09,818 - __main__ - INFO -   1. cross_exchange: 121716.08% (уверенность: 79.5%)
2025-12-22 21:51:11,833 - __main__ - INFO - 🚨 🟢 ВОЗМОЖНОСТЬ: 51704.31% (уверенность: 0.85)
2025-12-22 21:51:11,835 - __main__ - INFO -   2. cross_exchange: 51704.31% (уверенность: 85.1%)
2025-12-22 21:51:13,845 - __main__ - INFO - 🚨 🟢 ВОЗМОЖНОСТЬ: 35196.10% (уверенность: 1.00)
2025-12-22 21:51:13,847 - __main__ - INFO -   3. cross_exchange: 35196.10% (уверенность: 100.0%)
2025-12-22 21:51:15,863 - __main__ - INFO - 🚨 🟡 ВОЗМОЖНОСТЬ: 4546.47% (уверенность: 0.57)
2025-12-22 21:51:15,866 - __main__ - INFO -   4. cross_exchange: 4546.47% (уверенность: 57.3%)
2025-12-22 21:51:17,878 - __main__ - INFO - 🚨 🟢 ВОЗМОЖНОСТЬ: 3365.24% (уверенность: 0.77)
2025-12-22 21:51:17,880 - __main__ - INFO -   5. cross_exchange: 3365.24% (уверенность: 77.3%)
2025-12-22 21:51:17,881 - __main__ - INFO - 📈 СТАТИСТИКА (uptime: 0:06:53.003742):
2025-12-22 21:51:17,881 - __main__ - INFO -    Циклов: 10
2025-12-22 21:51:17,882 - __main__ - INFO -    Всего возможностей: 1238
2025-12-22 21:51:17,883 - __main__ - INFO -    Среднее за цикл: 123.8
2025-12-22 21:51:17,883 - __main__ - INFO -    Лучшая прибыль: 121716.08%
2025-12-22 21:51:49,162 - enhanced_arbitrage_monitor - INFO - OKX: получено 360 торговых пар
2025-12-22 21:51:49,615 - enhanced_arbitrage_monitor - INFO - Bitget: получено 0 торговых пар
2025-12-22 21:51:49,938 - enhanced_arbitrage_monitor - INFO - Huobi: получено 412 торговых пар
2025-12-22 21:51:52,699 - enhanced_arbitrage_monitor - INFO - Bybit: получено 539 торговых пар
2025-12-22 21:51:53,181 - enhanced_arbitrage_monitor - INFO - Binance: получено 1965 торговых пар
2025-12-22 21:51:54,524 - enhanced_arbitrage_monitor - INFO - KuCoin: получено 807 торговых пар
2025-12-22 21:51:56,059 - enhanced_arbitrage_monitor - INFO - MEXC: получено 2129 торговых пар
2025-12-22 21:51:56,248 - enhanced_arbitrage_monitor - INFO - Gate.io: получено 2396 торговых пар
2025-12-22 21:51:56,250 - enhanced_arbitrage_monitor - WARNING - Не удалось получить данные с bitget
2025-12-22 21:51:56,255 - enhanced_arbitrage_monitor - INFO - Всего получено 8608 торговых пар с 7 бирж
2025-12-22 21:51:56,264 - __main__ - INFO - 📊 Цикл #11 за 8.4с | Биржи: 7 | Пары: 8,608 | Возможности: 355 | Качественные: 129
2025-12-22 21:51:56,265 - __main__ - INFO - 🎯 Отправляем 5 лучших возможностей:
2025-12-22 21:51:56,265 - __main__ - INFO - 🚨 🟢 ВОЗМОЖНОСТЬ: 121186.51% (уверенность: 0.79)
2025-12-22 21:51:56,267 - __main__ - INFO -   1. cross_exchange: 121186.51% (уверенность: 79.5%)
