2025-12-22 21:52:10,968 - __main__ - INFO - 🚀 Запуск продакшн арбитражного монитора
2025-12-22 21:52:10,968 - __main__ - INFO - 📱 Топ-15 возможностей будут отправляться в Telegram каждые 30 секунд
2025-12-22 21:52:10,968 - enhanced_arbitrage_monitor - INFO - Инициализирован монитор с 10 биржами
2025-12-22 21:52:10,969 - __main__ - INFO - 🚀 Продакшн монитор инициализирован
2025-12-22 21:52:10,969 - __main__ - INFO - 📊 Настройки: топ-15 возможностей
2025-12-22 21:52:10,971 - __main__ - INFO - 📱 Telegram: ✅ Включен
2025-12-22 21:52:10,971 - __main__ - INFO - 🚀 Запуск продакшн мониторинга арбитражных возможностей...
2025-12-22 21:52:11,501 - enhanced_arbitrage_monitor - INFO - OKX: получено 360 торговых пар
2025-12-22 21:52:11,504 - enhanced_arbitrage_monitor - INFO - Bitget: получено 0 торговых пар
2025-12-22 21:52:11,510 - enhanced_arbitrage_monitor - INFO - Huobi: получено 412 торговых пар
2025-12-22 21:52:11,689 - enhanced_arbitrage_monitor - INFO - KuCoin: получено 807 торговых пар
2025-12-22 21:52:11,694 - enhanced_arbitrage_monitor - INFO - Bybit: получено 539 торговых пар
2025-12-22 21:52:13,433 - enhanced_arbitrage_monitor - INFO - MEXC: получено 2129 торговых пар
2025-12-22 21:52:13,640 - enhanced_arbitrage_monitor - INFO - Binance: получено 1965 торговых пар
2025-12-22 21:52:14,614 - enhanced_arbitrage_monitor - INFO - Gate.io: получено 2396 торговых пар
2025-12-22 21:52:14,615 - enhanced_arbitrage_monitor - WARNING - Не удалось получить данные с bitget
2025-12-22 21:52:14,620 - enhanced_arbitrage_monitor - INFO - Всего получено 8608 торговых пар с 7 бирж
2025-12-22 21:52:14,628 - __main__ - INFO - 📊 Цикл #1 за 3.7с | Биржи: 7 | Пары: 8,608 | Возможности: 362 | Качественные: 131 | Топ: 15
2025-12-22 21:52:32,617 - notifications - INFO - Уведомление отправлено в Telegram
2025-12-22 21:52:32,617 - __main__ - INFO - 📱 Отправлена сводка с 15 возможностями
2025-12-22 21:52:32,618 - __main__ - INFO - 📱 Отправлена сводка топ-15 возможностей
2025-12-22 21:53:08,225 - enhanced_arbitrage_monitor - INFO - Binance: получено 1965 торговых пар
2025-12-22 21:53:09,083 - enhanced_arbitrage_monitor - INFO - MEXC: получено 2129 торговых пар
2025-12-22 21:53:12,158 - enhanced_arbitrage_monitor - INFO - OKX: получено 360 торговых пар
2025-12-22 21:53:13,243 - enhanced_arbitrage_monitor - ERROR - Ошибка получения данных с Bitget: Connection timeout to host https://api.bitget.com/api/spot/v1/market/tickers
2025-12-22 21:53:13,244 - enhanced_arbitrage_monitor - ERROR - Ошибка получения данных с Bybit: Connection timeout to host https://api.bybit.com/v5/market/tickers?category=spot
2025-12-22 21:53:20,808 - enhanced_arbitrage_monitor - INFO - KuCoin: получено 807 торговых пар
2025-12-22 21:53:22,481 - enhanced_arbitrage_monitor - INFO - Gate.io: получено 2395 торговых пар
2025-12-22 21:53:23,596 - enhanced_arbitrage_monitor - INFO - Huobi: получено 412 торговых пар
2025-12-22 21:53:23,597 - enhanced_arbitrage_monitor - WARNING - Не удалось получить данные с bybit
2025-12-22 21:53:23,597 - enhanced_arbitrage_monitor - WARNING - Не удалось получить данные с bitget
2025-12-22 21:53:23,606 - enhanced_arbitrage_monitor - INFO - Всего получено 8068 торговых пар с 6 бирж
2025-12-22 21:53:23,618 - __main__ - INFO - 📊 Цикл #2 за 21.0с | Биржи: 6 | Пары: 8,068 | Возможности: 347 | Качественные: 127 | Топ: 15
2025-12-22 21:53:23,993 - notifications - INFO - Уведомление отправлено в Telegram
2025-12-22 21:53:23,994 - __main__ - INFO - 📱 Отправлена сводка с 15 возможностями
2025-12-22 21:53:23,995 - __main__ - INFO - 📱 Отправлена сводка топ-15 возможностей
2025-12-22 21:53:54,404 - enhanced_arbitrage_monitor - INFO - MEXC: получено 2129 торговых пар
2025-12-22 21:53:54,457 - enhanced_arbitrage_monitor - INFO - OKX: получено 360 торговых пар
2025-12-22 21:53:54,593 - enhanced_arbitrage_monitor - INFO - KuCoin: получено 808 торговых пар
2025-12-22 21:53:54,594 - enhanced_arbitrage_monitor - INFO - Bitget: получено 0 торговых пар
2025-12-22 21:53:54,849 - enhanced_arbitrage_monitor - INFO - Huobi: получено 412 торговых пар
2025-12-22 21:53:55,025 - enhanced_arbitrage_monitor - INFO - Bybit: получено 539 торговых пар
2025-12-22 21:53:55,441 - enhanced_arbitrage_monitor - INFO - Binance: получено 1965 торговых пар
2025-12-22 21:53:57,722 - enhanced_arbitrage_monitor - INFO - Gate.io: получено 2395 торговых пар
2025-12-22 21:53:57,723 - enhanced_arbitrage_monitor - WARNING - Не удалось получить данные с bitget
2025-12-22 21:53:57,728 - enhanced_arbitrage_monitor - INFO - Всего получено 8608 торговых пар с 7 бирж
2025-12-22 21:53:57,734 - __main__ - INFO - 📊 Цикл #3 за 3.7с | Биржи: 7 | Пары: 8,608 | Возможности: 378 | Качественные: 133 | Топ: 15
2025-12-22 21:53:58,133 - notifications - INFO - Уведомление отправлено в Telegram
2025-12-22 21:53:58,134 - __main__ - INFO - 📱 Отправлена сводка с 15 возможностями
2025-12-22 21:53:58,134 - __main__ - INFO - 📱 Отправлена сводка топ-15 возможностей
2025-12-22 21:54:28,526 - enhanced_arbitrage_monitor - INFO - Huobi: получено 412 торговых пар
2025-12-22 21:54:28,609 - enhanced_arbitrage_monitor - INFO - OKX: получено 360 торговых пар
2025-12-22 21:54:28,742 - enhanced_arbitrage_monitor - INFO - Bitget: получено 0 торговых пар
2025-12-22 21:54:28,904 - enhanced_arbitrage_monitor - INFO - KuCoin: получено 808 торговых пар
2025-12-22 21:54:28,989 - enhanced_arbitrage_monitor - INFO - Bybit: получено 539 торговых пар
2025-12-22 21:54:29,238 - enhanced_arbitrage_monitor - INFO - MEXC: получено 2129 торговых пар
2025-12-22 21:54:29,713 - enhanced_arbitrage_monitor - INFO - Binance: получено 1965 торговых пар
2025-12-22 21:54:30,828 - enhanced_arbitrage_monitor - INFO - Gate.io: получено 2396 торговых пар
2025-12-22 21:54:30,830 - enhanced_arbitrage_monitor - WARNING - Не удалось получить данные с bitget
2025-12-22 21:54:30,840 - enhanced_arbitrage_monitor - INFO - Всего получено 8609 торговых пар с 7 бирж
2025-12-22 21:54:30,851 - __main__ - INFO - 📊 Цикл #4 за 2.7с | Биржи: 7 | Пары: 8,609 | Возможности: 380 | Качественные: 141 | Топ: 15
2025-12-22 21:54:31,472 - notifications - INFO - Уведомление отправлено в Telegram
2025-12-22 21:54:31,472 - __main__ - INFO - 📱 Отправлена сводка с 15 возможностями
2025-12-22 21:54:31,473 - __main__ - INFO - 📱 Отправлена сводка топ-15 возможностей
2025-12-22 21:55:01,893 - enhanced_arbitrage_monitor - INFO - Huobi: получено 412 торговых пар
2025-12-22 21:55:02,012 - enhanced_arbitrage_monitor - INFO - OKX: получено 360 торговых пар
2025-12-22 21:55:02,018 - enhanced_arbitrage_monitor - INFO - Bitget: получено 0 торговых пар
2025-12-22 21:55:02,158 - enhanced_arbitrage_monitor - INFO - KuCoin: получено 809 торговых пар
2025-12-22 21:55:02,183 - enhanced_arbitrage_monitor - INFO - MEXC: получено 2129 торговых пар
2025-12-22 21:55:02,193 - enhanced_arbitrage_monitor - INFO - Bybit: получено 539 торговых пар
2025-12-22 21:55:03,495 - enhanced_arbitrage_monitor - INFO - Binance: получено 1965 торговых пар
2025-12-22 21:55:04,586 - enhanced_arbitrage_monitor - INFO - Gate.io: получено 2396 торговых пар
2025-12-22 21:55:04,589 - enhanced_arbitrage_monitor - WARNING - Не удалось получить данные с bitget
2025-12-22 21:55:04,598 - enhanced_arbitrage_monitor - INFO - Всего получено 8610 торговых пар с 7 бирж
2025-12-22 21:55:04,611 - __main__ - INFO - 📊 Цикл #5 за 3.1с | Биржи: 7 | Пары: 8,610 | Возможности: 370 | Качественные: 132 | Топ: 15
2025-12-22 21:55:05,042 - notifications - INFO - Уведомление отправлено в Telegram
2025-12-22 21:55:05,043 - __main__ - INFO - 📱 Отправлена сводка с 15 возможностями
2025-12-22 21:55:05,043 - __main__ - INFO - 📱 Отправлена сводка топ-15 возможностей
2025-12-22 21:55:35,999 - enhanced_arbitrage_monitor - INFO - Huobi: получено 412 торговых пар
2025-12-22 21:55:36,418 - enhanced_arbitrage_monitor - INFO - OKX: получено 360 торговых пар
2025-12-22 21:55:36,469 - enhanced_arbitrage_monitor - INFO - Bitget: получено 0 торговых пар
2025-12-22 21:55:36,681 - enhanced_arbitrage_monitor - INFO - Bybit: получено 539 торговых пар
2025-12-22 21:55:38,105 - enhanced_arbitrage_monitor - INFO - Binance: получено 1965 торговых пар
2025-12-22 21:55:38,295 - enhanced_arbitrage_monitor - INFO - MEXC: получено 2129 торговых пар
2025-12-22 21:55:40,149 - enhanced_arbitrage_monitor - INFO - KuCoin: получено 809 торговых пар
2025-12-22 21:55:42,792 - enhanced_arbitrage_monitor - INFO - Gate.io: получено 2395 торговых пар
2025-12-22 21:55:42,843 - enhanced_arbitrage_monitor - WARNING - Не удалось получить данные с bitget
2025-12-22 21:55:43,093 - enhanced_arbitrage_monitor - INFO - Всего получено 8609 торговых пар с 7 бирж
2025-12-22 21:55:43,119 - __main__ - INFO - 📊 Цикл #6 за 8.1с | Биржи: 7 | Пары: 8,609 | Возможности: 376 | Качественные: 140 | Топ: 15
2025-12-22 21:55:43,689 - notifications - INFO - Уведомление отправлено в Telegram
2025-12-22 21:55:43,690 - __main__ - INFO - 📱 Отправлена сводка с 15 возможностями
2025-12-22 21:55:43,690 - __main__ - INFO - 📱 Отправлена сводка топ-15 возможностей
2025-12-22 21:56:14,595 - enhanced_arbitrage_monitor - INFO - Bitget: получено 0 торговых пар
2025-12-22 21:56:20,505 - enhanced_arbitrage_monitor - INFO - Bybit: получено 539 торговых пар
2025-12-22 21:56:20,855 - enhanced_arbitrage_monitor - INFO - KuCoin: получено 810 торговых пар
2025-12-22 21:56:21,582 - enhanced_arbitrage_monitor - INFO - Binance: получено 1965 торговых пар
2025-12-22 21:56:22,959 - enhanced_arbitrage_monitor - INFO - Huobi: получено 412 торговых пар
2025-12-22 21:56:24,076 - enhanced_arbitrage_monitor - INFO - OKX: получено 360 торговых пар
2025-12-22 21:56:24,231 - enhanced_arbitrage_monitor - ERROR - Ошибка получения данных с Gate.io: Connection timeout to host https://api.gateio.ws/api/v4/spot/tickers
2025-12-22 21:56:33,096 - enhanced_arbitrage_monitor - INFO - MEXC: получено 2129 торговых пар
2025-12-22 21:56:33,099 - enhanced_arbitrage_monitor - WARNING - Не удалось получить данные с gate
2025-12-22 21:56:33,099 - enhanced_arbitrage_monitor - WARNING - Не удалось получить данные с bitget
2025-12-22 21:56:33,108 - enhanced_arbitrage_monitor - INFO - Всего получено 6215 торговых пар с 6 бирж
2025-12-22 21:56:33,120 - __main__ - INFO - 📊 Цикл #7 за 19.4с | Биржи: 6 | Пары: 6,215 | Возможности: 223 | Качественные: 127 | Топ: 15
2025-12-22 21:56:36,731 - notifications - INFO - Уведомление отправлено в Telegram
2025-12-22 21:56:36,732 - __main__ - INFO - 📱 Отправлена сводка с 15 возможностями
2025-12-22 21:56:36,732 - __main__ - INFO - 📱 Отправлена сводка топ-15 возможностей
2025-12-22 21:57:07,558 - enhanced_arbitrage_monitor - INFO - OKX: получено 360 торговых пар
2025-12-22 21:57:07,593 - enhanced_arbitrage_monitor - INFO - Bitget: получено 0 торговых пар
2025-12-22 21:57:07,648 - enhanced_arbitrage_monitor - INFO - Huobi: получено 412 торговых пар
2025-12-22 21:57:07,803 - enhanced_arbitrage_monitor - INFO - KuCoin: получено 810 торговых пар
2025-12-22 21:57:07,816 - enhanced_arbitrage_monitor - INFO - Bybit: получено 539 торговых пар
2025-12-22 21:57:08,530 - enhanced_arbitrage_monitor - INFO - MEXC: получено 2129 торговых пар
2025-12-22 21:57:08,794 - enhanced_arbitrage_monitor - INFO - Binance: получено 1965 торговых пар
2025-12-22 21:57:09,744 - enhanced_arbitrage_monitor - INFO - Gate.io: получено 2396 торговых пар
2025-12-22 21:57:09,746 - enhanced_arbitrage_monitor - WARNING - Не удалось получить данные с bitget
2025-12-22 21:57:09,752 - enhanced_arbitrage_monitor - INFO - Всего получено 8611 торговых пар с 7 бирж
2025-12-22 21:57:09,764 - __main__ - INFO - 📊 Цикл #8 за 3.0с | Биржи: 7 | Пары: 8,611 | Возможности: 372 | Качественные: 133 | Топ: 15
2025-12-22 21:57:29,780 - __main__ - INFO - 🚀 Запуск продакшн арбитражного монитора
2025-12-22 21:57:29,781 - __main__ - INFO - 📱 Топ-15 возможностей будут отправляться в Telegram каждые 30 секунд
2025-12-22 21:57:29,781 - enhanced_arbitrage_monitor - INFO - Инициализирован монитор с 10 биржами
2025-12-22 21:57:29,781 - __main__ - INFO - 🚀 Продакшн монитор инициализирован
2025-12-22 21:57:29,781 - __main__ - INFO - 📊 Настройки: топ-15 возможностей
2025-12-22 21:57:29,781 - __main__ - INFO - 📱 Telegram: ✅ Включен
2025-12-22 21:57:29,782 - __main__ - INFO - 🚀 Запуск продакшн мониторинга арбитражных возможностей...
2025-12-22 21:57:30,632 - enhanced_arbitrage_monitor - INFO - OKX: получено 244 торговых пар
2025-12-22 21:57:30,639 - enhanced_arbitrage_monitor - INFO - Bitget: получено 0 торговых пар
2025-12-22 21:57:30,737 - enhanced_arbitrage_monitor - INFO - Huobi: получено 272 торговых пар
2025-12-22 21:57:30,806 - enhanced_arbitrage_monitor - INFO - KuCoin: получено 388 торговых пар
2025-12-22 21:57:32,030 - enhanced_arbitrage_monitor - INFO - MEXC: получено 809 торговых пар
2025-12-22 21:57:32,957 - enhanced_arbitrage_monitor - INFO - Bybit: получено 325 торговых пар
2025-12-22 21:57:33,405 - enhanced_arbitrage_monitor - INFO - Binance: получено 1760 торговых пар
2025-12-22 21:57:35,199 - enhanced_arbitrage_monitor - INFO - Gate.io: получено 655 торговых пар
2025-12-22 21:57:35,201 - enhanced_arbitrage_monitor - WARNING - Не удалось получить данные с bitget
2025-12-22 21:57:35,207 - enhanced_arbitrage_monitor - INFO - Всего получено 4453 торговых пар с 7 бирж
2025-12-22 21:57:35,209 - __main__ - INFO - 📊 Цикл #1 за 5.4с | Биржи: 7 | Пары: 4,453 | Возможности: 0 | Качественные: 0 | Топ: 0
2025-12-22 21:57:35,209 - __main__ - INFO - 📊 Качественных возможностей не найдено
2025-12-22 21:58:07,814 - enhanced_arbitrage_monitor - INFO - KuCoin: получено 388 торговых пар
2025-12-22 21:58:09,211 - enhanced_arbitrage_monitor - INFO - Huobi: получено 272 торговых пар
2025-12-22 21:58:10,028 - enhanced_arbitrage_monitor - INFO - OKX: получено 244 торговых пар
2025-12-22 21:58:10,999 - enhanced_arbitrage_monitor - INFO - Bybit: получено 325 торговых пар
2025-12-22 21:58:15,232 - enhanced_arbitrage_monitor - ERROR - Ошибка получения данных с Gate.io: Connection timeout to host https://api.gateio.ws/api/v4/spot/tickers
2025-12-22 21:58:15,233 - enhanced_arbitrage_monitor - ERROR - Ошибка получения данных с Binance: Connection timeout to host https://api.binance.com/api/v3/ticker/price
2025-12-22 21:58:15,234 - enhanced_arbitrage_monitor - ERROR - Ошибка получения данных с MEXC: Connection timeout to host https://api.mexc.com/api/v3/ticker/24hr
2025-12-22 21:58:15,873 - enhanced_arbitrage_monitor - INFO - Bitget: получено 0 торговых пар
2025-12-22 21:58:15,875 - enhanced_arbitrage_monitor - WARNING - Не удалось получить данные с binance
2025-12-22 21:58:15,875 - enhanced_arbitrage_monitor - WARNING - Не удалось получить данные с gate
2025-12-22 21:58:15,876 - enhanced_arbitrage_monitor - WARNING - Не удалось получить данные с mexc
2025-12-22 21:58:15,877 - enhanced_arbitrage_monitor - WARNING - Не удалось получить данные с bitget
2025-12-22 21:58:15,881 - enhanced_arbitrage_monitor - INFO - Всего получено 1229 торговых пар с 4 бирж
2025-12-22 21:58:15,883 - __main__ - INFO - 📊 Цикл #2 за 10.7с | Биржи: 4 | Пары: 1,229 | Возможности: 0 | Качественные: 0 | Топ: 0
2025-12-22 21:58:15,884 - __main__ - INFO - 📊 Качественных возможностей не найдено
2025-12-22 21:58:47,475 - enhanced_arbitrage_monitor - INFO - Bitget: получено 0 торговых пар
2025-12-22 21:58:47,632 - enhanced_arbitrage_monitor - INFO - MEXC: получено 809 торговых пар
2025-12-22 21:58:47,773 - enhanced_arbitrage_monitor - INFO - KuCoin: получено 389 торговых пар
2025-12-22 21:58:48,172 - enhanced_arbitrage_monitor - INFO - Huobi: получено 272 торговых пар
2025-12-22 21:58:48,501 - enhanced_arbitrage_monitor - INFO - OKX: получено 246 торговых пар
2025-12-22 21:58:50,720 - enhanced_arbitrage_monitor - INFO - Binance: получено 1761 торговых пар
2025-12-22 21:58:51,077 - enhanced_arbitrage_monitor - INFO - Bybit: получено 325 торговых пар
2025-12-22 21:58:56,236 - enhanced_arbitrage_monitor - ERROR - Ошибка получения данных с Gate.io: Connection timeout to host https://api.gateio.ws/api/v4/spot/tickers
2025-12-22 21:58:56,238 - enhanced_arbitrage_monitor - WARNING - Не удалось получить данные с gate
2025-12-22 21:58:56,238 - enhanced_arbitrage_monitor - WARNING - Не удалось получить данные с bitget
2025-12-22 21:58:56,245 - enhanced_arbitrage_monitor - INFO - Всего получено 3802 торговых пар с 6 бирж
2025-12-22 21:58:56,248 - __main__ - INFO - 📊 Цикл #3 за 10.4с | Биржи: 6 | Пары: 3,802 | Возможности: 1 | Качественные: 1 | Топ: 1
2025-12-22 21:58:59,193 - notifications - INFO - Уведомление отправлено в Telegram
2025-12-22 21:58:59,195 - __main__ - INFO - 📱 Отправлена сводка с 1 возможностями
2025-12-22 21:58:59,196 - __main__ - INFO - 📱 Отправлена сводка топ-1 возможностей
2025-12-22 21:59:30,027 - enhanced_arbitrage_monitor - INFO - Bitget: получено 0 торговых пар
2025-12-22 21:59:30,386 - enhanced_arbitrage_monitor - INFO - KuCoin: получено 389 торговых пар
2025-12-22 21:59:30,429 - enhanced_arbitrage_monitor - INFO - Huobi: получено 272 торговых пар
2025-12-22 21:59:30,938 - enhanced_arbitrage_monitor - INFO - OKX: получено 246 торговых пар
2025-12-22 21:59:31,880 - enhanced_arbitrage_monitor - INFO - Bybit: получено 325 торговых пар
2025-12-22 21:59:34,445 - enhanced_arbitrage_monitor - INFO - Gate.io: получено 655 торговых пар
2025-12-22 21:59:36,929 - enhanced_arbitrage_monitor - INFO - MEXC: получено 809 торговых пар
2025-12-22 21:59:39,243 - enhanced_arbitrage_monitor - ERROR - Ошибка получения данных с Binance: Connection timeout to host https://api.binance.com/api/v3/ticker/price
2025-12-22 21:59:39,246 - enhanced_arbitrage_monitor - WARNING - Не удалось получить данные с binance
2025-12-22 21:59:39,247 - enhanced_arbitrage_monitor - WARNING - Не удалось получить данные с bitget
2025-12-22 21:59:39,252 - enhanced_arbitrage_monitor - INFO - Всего получено 2696 торговых пар с 6 бирж
2025-12-22 21:59:39,255 - __main__ - INFO - 📊 Цикл #4 за 10.0с | Биржи: 6 | Пары: 2,696 | Возможности: 1 | Качественные: 1 | Топ: 1
2025-12-22 21:59:44,197 - notifications - INFO - Уведомление отправлено в Telegram
2025-12-22 21:59:44,197 - __main__ - INFO - 📱 Отправлена сводка с 1 возможностями
2025-12-22 21:59:44,198 - __main__ - INFO - 📱 Отправлена сводка топ-1 возможностей
2025-12-22 22:00:15,731 - enhanced_arbitrage_monitor - INFO - KuCoin: получено 389 торговых пар
2025-12-22 22:00:15,794 - enhanced_arbitrage_monitor - INFO - OKX: получено 246 торговых пар
2025-12-22 22:00:15,931 - enhanced_arbitrage_monitor - INFO - Huobi: получено 272 торговых пар
2025-12-22 22:00:15,946 - enhanced_arbitrage_monitor - INFO - Bybit: получено 325 торговых пар
2025-12-22 22:00:15,962 - enhanced_arbitrage_monitor - INFO - Bitget: получено 0 торговых пар
2025-12-22 22:00:17,018 - enhanced_arbitrage_monitor - INFO - MEXC: получено 806 торговых пар
2025-12-22 22:00:17,452 - enhanced_arbitrage_monitor - INFO - Binance: получено 1761 торговых пар
2025-12-22 22:00:29,502 - enhanced_arbitrage_monitor - INFO - Gate.io: получено 655 торговых пар
2025-12-22 22:00:29,504 - enhanced_arbitrage_monitor - WARNING - Не удалось получить данные с bitget
2025-12-22 22:00:29,510 - enhanced_arbitrage_monitor - INFO - Всего получено 4454 торговых пар с 7 бирж
2025-12-22 22:00:29,513 - __main__ - INFO - 📊 Цикл #5 за 15.3с | Биржи: 7 | Пары: 4,454 | Возможности: 0 | Качественные: 0 | Топ: 0
2025-12-22 22:00:29,514 - __main__ - INFO - 📊 Качественных возможностей не найдено
2025-12-22 22:01:01,309 - enhanced_arbitrage_monitor - INFO - OKX: получено 246 торговых пар
2025-12-22 22:01:01,332 - enhanced_arbitrage_monitor - INFO - Bitget: получено 0 торговых пар
2025-12-22 22:01:01,366 - enhanced_arbitrage_monitor - INFO - Huobi: получено 272 торговых пар
2025-12-22 22:01:01,517 - enhanced_arbitrage_monitor - INFO - Bybit: получено 325 торговых пар
2025-12-22 22:01:01,634 - enhanced_arbitrage_monitor - INFO - KuCoin: получено 389 торговых пар
2025-12-22 22:01:02,205 - enhanced_arbitrage_monitor - INFO - MEXC: получено 809 торговых пар
2025-12-22 22:01:02,873 - enhanced_arbitrage_monitor - INFO - Binance: получено 1761 торговых пар
2025-12-22 22:01:03,761 - enhanced_arbitrage_monitor - INFO - Gate.io: получено 655 торговых пар
2025-12-22 22:01:03,764 - enhanced_arbitrage_monitor - WARNING - Не удалось получить данные с bitget
2025-12-22 22:01:03,768 - enhanced_arbitrage_monitor - INFO - Всего получено 4457 торговых пар с 7 бирж
2025-12-22 22:01:03,770 - __main__ - INFO - 📊 Цикл #6 за 4.2с | Биржи: 7 | Пары: 4,457 | Возможности: 1 | Качественные: 1 | Топ: 1
2025-12-22 22:01:04,285 - notifications - INFO - Уведомление отправлено в Telegram
2025-12-22 22:01:04,286 - __main__ - INFO - 📱 Отправлена сводка с 1 возможностями
2025-12-22 22:01:04,286 - __main__ - INFO - 📱 Отправлена сводка топ-1 возможностей
2025-12-22 22:01:47,882 - __main__ - INFO - 🚀 Запуск продакшн арбитражного монитора
2025-12-22 22:01:47,882 - __main__ - INFO - 📱 Топ-15 возможностей будут отправляться в Telegram каждые 30 секунд
2025-12-22 22:01:47,882 - enhanced_arbitrage_monitor - INFO - Инициализирован монитор с 6 биржами
2025-12-22 22:01:47,883 - __main__ - INFO - 🚀 Продакшн монитор инициализирован
2025-12-22 22:01:47,883 - __main__ - INFO - 📊 Настройки: топ-15 возможностей
2025-12-22 22:01:47,883 - __main__ - INFO - 📱 Telegram: ✅ Включен
2025-12-22 22:01:47,884 - __main__ - INFO - 🚀 Запуск продакшн мониторинга арбитражных возможностей...
2025-12-22 22:01:48,596 - enhanced_arbitrage_monitor - INFO - Bitget: получено 0 торговых пар
2025-12-22 22:01:49,526 - enhanced_arbitrage_monitor - INFO - Bybit: получено 325 торговых пар
2025-12-22 22:01:49,873 - enhanced_arbitrage_monitor - INFO - OKX: получено 246 торговых пар
2025-12-22 22:01:50,450 - enhanced_arbitrage_monitor - INFO - KuCoin: получено 389 торговых пар
2025-12-22 22:01:51,403 - enhanced_arbitrage_monitor - INFO - Binance: получено 1761 торговых пар
2025-12-22 22:01:51,624 - enhanced_arbitrage_monitor - INFO - MEXC: получено 806 торговых пар
2025-12-22 22:01:51,625 - enhanced_arbitrage_monitor - WARNING - Не удалось получить данные с bitget
2025-12-22 22:01:51,628 - enhanced_arbitrage_monitor - INFO - Всего получено 3527 торговых пар с 5 бирж
2025-12-22 22:01:51,629 - __main__ - INFO - 📊 Цикл #1 за 3.7с | Биржи: 5 | Пары: 3,527 | Возможности: 0 | Качественные: 0 | Топ: 0
2025-12-22 22:01:51,629 - __main__ - INFO - 📊 Качественных возможностей не найдено
2025-12-22 22:02:23,089 - enhanced_arbitrage_monitor - INFO - OKX: получено 246 торговых пар
2025-12-22 22:02:23,141 - enhanced_arbitrage_monitor - INFO - Bitget: получено 0 торговых пар
2025-12-22 22:02:23,300 - enhanced_arbitrage_monitor - INFO - KuCoin: получено 389 торговых пар
2025-12-22 22:02:23,325 - enhanced_arbitrage_monitor - INFO - MEXC: получено 805 торговых пар
2025-12-22 22:02:26,306 - enhanced_arbitrage_monitor - INFO - Bybit: получено 325 торговых пар
2025-12-22 22:02:27,673 - enhanced_arbitrage_monitor - INFO - Binance: получено 1761 торговых пар
2025-12-22 22:02:27,676 - enhanced_arbitrage_monitor - WARNING - Не удалось получить данные с bitget
2025-12-22 22:02:27,680 - enhanced_arbitrage_monitor - INFO - Всего получено 3526 торговых пар с 5 бирж
2025-12-22 22:02:27,682 - __main__ - INFO - 📊 Цикл #2 за 6.0с | Биржи: 5 | Пары: 3,526 | Возможности: 1 | Качественные: 1 | Топ: 1
2025-12-22 22:02:29,175 - notifications - INFO - Уведомление отправлено в Telegram
2025-12-22 22:02:29,176 - __main__ - INFO - 📱 Отправлена сводка с 1 возможностями
2025-12-22 22:02:29,176 - __main__ - INFO - 📱 Отправлена сводка топ-1 возможностей
2025-12-22 22:02:59,666 - enhanced_arbitrage_monitor - INFO - OKX: получено 246 торговых пар
2025-12-22 22:02:59,793 - enhanced_arbitrage_monitor - INFO - KuCoin: получено 389 торговых пар
2025-12-22 22:02:59,824 - enhanced_arbitrage_monitor - INFO - Bybit: получено 325 торговых пар
2025-12-22 22:02:59,825 - enhanced_arbitrage_monitor - INFO - Bitget: получено 0 торговых пар
2025-12-22 22:03:00,478 - enhanced_arbitrage_monitor - INFO - Binance: получено 1761 торговых пар
2025-12-22 22:03:00,571 - enhanced_arbitrage_monitor - INFO - MEXC: получено 807 торговых пар
2025-12-22 22:03:00,572 - enhanced_arbitrage_monitor - WARNING - Не удалось получить данные с bitget
2025-12-22 22:03:00,576 - enhanced_arbitrage_monitor - INFO - Всего получено 3528 торговых пар с 5 бирж
2025-12-22 22:03:00,577 - __main__ - INFO - 📊 Цикл #3 за 1.4с | Биржи: 5 | Пары: 3,528 | Возможности: 1 | Качественные: 1 | Топ: 1
2025-12-22 22:03:00,998 - notifications - INFO - Уведомление отправлено в Telegram
2025-12-22 22:03:00,998 - __main__ - INFO - 📱 Отправлена сводка с 1 возможностями
2025-12-22 22:03:00,999 - __main__ - INFO - 📱 Отправлена сводка топ-1 возможностей
2025-12-22 22:03:31,539 - enhanced_arbitrage_monitor - INFO - OKX: получено 246 торговых пар
2025-12-22 22:03:31,620 - enhanced_arbitrage_monitor - INFO - MEXC: получено 806 торговых пар
2025-12-22 22:03:31,686 - enhanced_arbitrage_monitor - INFO - KuCoin: получено 389 торговых пар
2025-12-22 22:03:31,716 - enhanced_arbitrage_monitor - INFO - Bitget: получено 0 торговых пар
2025-12-22 22:03:31,877 - enhanced_arbitrage_monitor - INFO - Bybit: получено 325 торговых пар
2025-12-22 22:03:32,392 - enhanced_arbitrage_monitor - INFO - Binance: получено 1761 торговых пар
2025-12-22 22:03:32,395 - enhanced_arbitrage_monitor - WARNING - Не удалось получить данные с bitget
2025-12-22 22:03:32,401 - enhanced_arbitrage_monitor - INFO - Всего получено 3527 торговых пар с 5 бирж
2025-12-22 22:03:32,403 - __main__ - INFO - 📊 Цикл #4 за 1.4с | Биржи: 5 | Пары: 3,527 | Возможности: 1 | Качественные: 1 | Топ: 1
2025-12-22 22:03:32,750 - notifications - INFO - Уведомление отправлено в Telegram
2025-12-22 22:03:32,751 - __main__ - INFO - 📱 Отправлена сводка с 1 возможностями
2025-12-22 22:03:32,751 - __main__ - INFO - 📱 Отправлена сводка топ-1 возможностей
2025-12-22 22:04:03,387 - enhanced_arbitrage_monitor - INFO - OKX: получено 246 торговых пар
2025-12-22 22:04:03,406 - enhanced_arbitrage_monitor - INFO - Bitget: получено 0 торговых пар
2025-12-22 22:04:03,659 - enhanced_arbitrage_monitor - INFO - Bybit: получено 324 торговых пар
2025-12-22 22:04:03,791 - enhanced_arbitrage_monitor - INFO - KuCoin: получено 389 торговых пар
2025-12-22 22:04:04,818 - enhanced_arbitrage_monitor - INFO - Binance: получено 1761 торговых пар
2025-12-22 22:04:04,870 - enhanced_arbitrage_monitor - INFO - MEXC: получено 807 торговых пар
2025-12-22 22:04:04,872 - enhanced_arbitrage_monitor - WARNING - Не удалось получить данные с bitget
2025-12-22 22:04:04,875 - enhanced_arbitrage_monitor - INFO - Всего получено 3527 торговых пар с 5 бирж
2025-12-22 22:04:04,876 - __main__ - INFO - 📊 Цикл #5 за 2.1с | Биржи: 5 | Пары: 3,527 | Возможности: 0 | Качественные: 0 | Топ: 0
2025-12-22 22:04:04,877 - __main__ - INFO - 📊 Качественных возможностей не найдено
2025-12-22 22:04:36,169 - enhanced_arbitrage_monitor - INFO - KuCoin: получено 389 торговых пар
2025-12-22 22:04:36,209 - enhanced_arbitrage_monitor - INFO - Bybit: получено 324 торговых пар
2025-12-22 22:04:36,334 - enhanced_arbitrage_monitor - INFO - OKX: получено 246 торговых пар
2025-12-22 22:04:36,339 - enhanced_arbitrage_monitor - INFO - Bitget: получено 0 торговых пар
2025-12-22 22:04:37,235 - enhanced_arbitrage_monitor - INFO - MEXC: получено 805 торговых пар
2025-12-22 22:04:37,768 - enhanced_arbitrage_monitor - INFO - Binance: получено 1761 торговых пар
2025-12-22 22:04:37,770 - enhanced_arbitrage_monitor - WARNING - Не удалось получить данные с bitget
2025-12-22 22:04:37,772 - enhanced_arbitrage_monitor - INFO - Всего получено 3525 торговых пар с 5 бирж
2025-12-22 22:04:37,774 - __main__ - INFO - 📊 Цикл #6 за 2.9с | Биржи: 5 | Пары: 3,525 | Возможности: 0 | Качественные: 0 | Топ: 0
2025-12-22 22:04:37,774 - __main__ - INFO - 📊 Качественных возможностей не найдено
2025-12-22 22:05:08,554 - enhanced_arbitrage_monitor - INFO - Bitget: получено 0 торговых пар
2025-12-22 22:05:08,648 - enhanced_arbitrage_monitor - INFO - KuCoin: получено 389 торговых пар
2025-12-22 22:05:08,745 - enhanced_arbitrage_monitor - INFO - OKX: получено 246 торговых пар
2025-12-22 22:05:08,907 - enhanced_arbitrage_monitor - INFO - Bybit: получено 324 торговых пар
2025-12-22 22:05:10,428 - enhanced_arbitrage_monitor - INFO - Binance: получено 1761 торговых пар
2025-12-22 22:05:11,632 - enhanced_arbitrage_monitor - INFO - MEXC: получено 806 торговых пар
2025-12-22 22:05:11,635 - enhanced_arbitrage_monitor - WARNING - Не удалось получить данные с bitget
2025-12-22 22:05:11,639 - enhanced_arbitrage_monitor - INFO - Всего получено 3526 торговых пар с 5 бирж
2025-12-22 22:05:11,641 - __main__ - INFO - 📊 Цикл #7 за 3.9с | Биржи: 5 | Пары: 3,526 | Возможности: 1 | Качественные: 1 | Топ: 1
2025-12-22 22:05:12,262 - notifications - INFO - Уведомление отправлено в Telegram
2025-12-22 22:05:12,262 - __main__ - INFO - 📱 Отправлена сводка с 1 возможностями
2025-12-22 22:05:12,263 - __main__ - INFO - 📱 Отправлена сводка топ-1 возможностей
2025-12-22 22:05:42,817 - enhanced_arbitrage_monitor - INFO - OKX: получено 246 торговых пар
2025-12-22 22:05:42,854 - enhanced_arbitrage_monitor - INFO - Bitget: получено 0 торговых пар
2025-12-22 22:05:42,942 - enhanced_arbitrage_monitor - INFO - KuCoin: получено 389 торговых пар
2025-12-22 22:05:43,616 - enhanced_arbitrage_monitor - INFO - Bybit: получено 324 торговых пар
2025-12-22 22:05:43,913 - enhanced_arbitrage_monitor - INFO - Binance: получено 1761 торговых пар
2025-12-22 22:05:46,141 - enhanced_arbitrage_monitor - INFO - MEXC: получено 808 торговых пар
2025-12-22 22:05:46,143 - enhanced_arbitrage_monitor - WARNING - Не удалось получить данные с bitget
2025-12-22 22:05:46,146 - enhanced_arbitrage_monitor - INFO - Всего получено 3528 торговых пар с 5 бирж
2025-12-22 22:05:46,147 - __main__ - INFO - 📊 Цикл #8 за 3.9с | Биржи: 5 | Пары: 3,528 | Возможности: 0 | Качественные: 0 | Топ: 0
2025-12-22 22:05:46,147 - __main__ - INFO - 📊 Качественных возможностей не найдено
2025-12-22 22:06:16,752 - enhanced_arbitrage_monitor - INFO - OKX: получено 246 торговых пар
2025-12-22 22:06:16,755 - enhanced_arbitrage_monitor - INFO - Bitget: получено 0 торговых пар
2025-12-22 22:06:17,008 - enhanced_arbitrage_monitor - INFO - KuCoin: получено 389 торговых пар
2025-12-22 22:06:17,251 - enhanced_arbitrage_monitor - INFO - Bybit: получено 324 торговых пар
2025-12-22 22:06:17,355 - enhanced_arbitrage_monitor - INFO - MEXC: получено 810 торговых пар
2025-12-22 22:06:19,036 - enhanced_arbitrage_monitor - INFO - Binance: получено 1761 торговых пар
2025-12-22 22:06:19,038 - enhanced_arbitrage_monitor - WARNING - Не удалось получить данные с bitget
2025-12-22 22:06:19,041 - enhanced_arbitrage_monitor - INFO - Всего получено 3530 торговых пар с 5 бирж
2025-12-22 22:06:19,042 - __main__ - INFO - 📊 Цикл #9 за 2.9с | Биржи: 5 | Пары: 3,530 | Возможности: 0 | Качественные: 0 | Топ: 0
2025-12-22 22:06:19,043 - __main__ - INFO - 📊 Качественных возможностей не найдено
2025-12-22 22:06:49,893 - enhanced_arbitrage_monitor - INFO - OKX: получено 246 торговых пар
2025-12-22 22:06:49,984 - enhanced_arbitrage_monitor - INFO - KuCoin: получено 389 торговых пар
2025-12-22 22:06:50,007 - enhanced_arbitrage_monitor - INFO - Bitget: получено 0 торговых пар
2025-12-22 22:06:50,303 - enhanced_arbitrage_monitor - INFO - Bybit: получено 324 торговых пар
2025-12-22 22:06:50,373 - enhanced_arbitrage_monitor - INFO - MEXC: получено 810 торговых пар
2025-12-22 22:06:51,022 - enhanced_arbitrage_monitor - INFO - Binance: получено 1761 торговых пар
2025-12-22 22:06:51,024 - enhanced_arbitrage_monitor - WARNING - Не удалось получить данные с bitget
2025-12-22 22:06:51,027 - enhanced_arbitrage_monitor - INFO - Всего получено 3530 торговых пар с 5 бирж
2025-12-22 22:06:51,028 - __main__ - INFO - 📊 Цикл #10 за 2.0с | Биржи: 5 | Пары: 3,530 | Возможности: 1 | Качественные: 1 | Топ: 1
2025-12-22 22:06:52,194 - notifications - INFO - Уведомление отправлено в Telegram
2025-12-22 22:06:52,195 - __main__ - INFO - 📱 Отправлена сводка с 1 возможностями
2025-12-22 22:06:52,196 - __main__ - INFO - 📱 Отправлена сводка топ-1 возможностей
2025-12-22 22:06:52,196 - __main__ - INFO - 📈 СТАТИСТИКА (uptime: 0:05:04.313345):
2025-12-22 22:06:52,197 - __main__ - INFO -    Циклов: 10
2025-12-22 22:06:52,198 - __main__ - INFO -    Всего возможностей: 5
2025-12-22 22:06:52,198 - __main__ - INFO -    Среднее за цикл: 0.5
2025-12-22 22:06:52,199 - __main__ - INFO -    Лучшая прибыль: 0.33%
2025-12-22 22:06:52,200 - __main__ - INFO -    Уведомлений отправлено: 5
2025-12-22 22:06:52,200 - __main__ - INFO -    Ошибок Telegram: 0
2025-12-22 22:07:22,708 - enhanced_arbitrage_monitor - INFO - OKX: получено 246 торговых пар
2025-12-22 22:07:22,858 - enhanced_arbitrage_monitor - INFO - KuCoin: получено 389 торговых пар
2025-12-22 22:07:22,934 - enhanced_arbitrage_monitor - INFO - MEXC: получено 808 торговых пар
2025-12-22 22:07:22,941 - enhanced_arbitrage_monitor - INFO - Bitget: получено 0 торговых пар
2025-12-22 22:07:23,840 - enhanced_arbitrage_monitor - INFO - Bybit: получено 326 торговых пар
2025-12-22 22:07:28,611 - enhanced_arbitrage_monitor - INFO - Binance: получено 1761 торговых пар
2025-12-22 22:07:28,614 - enhanced_arbitrage_monitor - WARNING - Не удалось получить данные с bitget
2025-12-22 22:07:28,620 - enhanced_arbitrage_monitor - INFO - Всего получено 3530 торговых пар с 5 бирж
2025-12-22 22:07:28,622 - __main__ - INFO - 📊 Цикл #11 за 6.4с | Биржи: 5 | Пары: 3,530 | Возможности: 3 | Качественные: 3 | Топ: 3
2025-12-22 22:07:36,293 - notifications - INFO - Уведомление отправлено в Telegram
2025-12-22 22:07:36,295 - __main__ - INFO - 📱 Отправлена сводка с 3 возможностями
2025-12-22 22:07:36,295 - __main__ - INFO - 📱 Отправлена сводка топ-3 возможностей
